2023-11-20 22:15:32,319 [INFO] Activator:176 - 


2023-11-20 22:15:32,320 [INFO] Activator:177 - !SESSION log4j initialized
2023-11-20 22:15:35,775 [INFO] LogOutputStream:77 - [STDOUT_REDIRECT] 
2023-11-20 22:15:38,005 [INFO] ApplicationProperties:184 - Using Application install path: C:\ST\STM32CubeIDE_1.13.2\STM32CubeIDE\plugins\com.st.stm32cube.common.mx_6.9.2.202309101412
2023-11-20 22:15:38,031 [INFO] DbMcusXml:78 - Set database path to: C:\ST\STM32CubeIDE_1.13.2\STM32CubeIDE\plugins\com.st.stm32cube.common.mx_6.9.2.202309101412\\db\/mcu/
2023-11-20 22:15:38,031 [INFO] ApiDb:274 - Set plugin database path to: C:\ST\STM32CubeIDE_1.13.2\STM32CubeIDE\plugins\com.st.stm32cube.common.mx_6.9.2.202309101412\\db\/plugins/boardmanager/
2023-11-20 22:15:38,032 [WARN] ApiDb:259 - Overriding images path with different value:  => C:\ST\STM32CubeIDE_1.13.2\STM32CubeIDE\plugins\com.st.stm32cube.common.mx_6.9.2.202309101412\\db\/plugins/mcufinder/images/
2023-11-20 22:15:38,051 [INFO] ApiDb:250 - Set database path to: C:\Users\tarak\.stmcufinder\plugins\mcufinder//mcu/
2023-11-20 22:15:38,053 [INFO] DbMcusAds:125 - Set database path to: C:\Users\tarak\.stmcufinder\plugins\mcufinder//mcu/
2023-11-20 22:15:38,054 [INFO] CrossReferenceDbSqlite:203 - Set database path to: C:\Users\tarak\.stmcufinder\plugins\mcufinder//mcu/cs/
2023-11-20 22:15:38,183 [INFO] RulesReader:64 - Compatibility file has been processed (293 Rules)
2023-11-20 22:15:38,303 [INFO] DbMcusXml:78 - Set database path to: C:\ST\STM32CubeIDE_1.13.2\STM32CubeIDE\plugins\com.st.stm32cube.common.mx_6.9.2.202309101412\\db\/mcu/
2023-11-20 22:15:38,303 [INFO] ApiDb:274 - Set plugin database path to: C:\ST\STM32CubeIDE_1.13.2\STM32CubeIDE\plugins\com.st.stm32cube.common.mx_6.9.2.202309101412\\db\/plugins/boardmanager/
2023-11-20 22:15:38,304 [INFO] ApiDb:261 - Set plugin images path to: C:\ST\STM32CubeIDE_1.13.2\STM32CubeIDE\plugins\com.st.stm32cube.common.mx_6.9.2.202309101412\\db\/plugins/mcufinder/images/
2023-11-20 22:15:38,304 [WARN] DbFile:41 - Overriding database path with different value: C:\Users\tarak\.stmcufinder\plugins\mcufinder/ => C:\Users\tarak\.stmcufinder\plugins\mcufinder
2023-11-20 22:15:38,304 [INFO] ApiDb:250 - Set database path to: C:\Users\tarak\.stmcufinder\plugins\mcufinder//mcu/
2023-11-20 22:15:38,304 [WARN] DbFile:41 - Overriding database path with different value: C:\Users\tarak\.stmcufinder\plugins\mcufinder/ => C:\Users\tarak\.stmcufinder\plugins\mcufinder
2023-11-20 22:15:38,304 [INFO] DbMcusAds:125 - Set database path to: C:\Users\tarak\.stmcufinder\plugins\mcufinder//mcu/
2023-11-20 22:15:38,304 [WARN] DbFile:41 - Overriding database path with different value: C:\Users\tarak\.stmcufinder\plugins\mcufinder/ => C:\Users\tarak\.stmcufinder\plugins\mcufinder
2023-11-20 22:15:38,304 [WARN] DbFile:41 - Overriding database path with different value: C:\Users\tarak\.stmcufinder\plugins\mcufinder/ => C:\Users\tarak\.stmcufinder\plugins\mcufinder
2023-11-20 22:15:38,304 [INFO] CrossReferenceDbSqlite:203 - Set database path to: C:\Users\tarak\.stmcufinder\plugins\mcufinder//mcu/cs/
2023-11-20 22:15:38,406 [INFO] MainPanel:262 - HeapMemory: 268435456
2023-11-20 22:15:38,531 [INFO] DbMcusXml:78 - Set database path to: C:\ST\STM32CubeIDE_1.13.2\STM32CubeIDE\plugins\com.st.stm32cube.common.mx_6.9.2.202309101412\\db\/mcu/
2023-11-20 22:15:38,531 [INFO] ApiDb:274 - Set plugin database path to: C:\ST\STM32CubeIDE_1.13.2\STM32CubeIDE\plugins\com.st.stm32cube.common.mx_6.9.2.202309101412\\db\/plugins/boardmanager/
2023-11-20 22:15:38,531 [INFO] ApiDb:261 - Set plugin images path to: C:\ST\STM32CubeIDE_1.13.2\STM32CubeIDE\plugins\com.st.stm32cube.common.mx_6.9.2.202309101412\\db\/plugins/mcufinder/images/
2023-11-20 22:15:38,532 [WARN] DbFile:41 - Overriding database path with different value: C:\Users\tarak\.stmcufinder\plugins\mcufinder/ => C:\Users\tarak\.stmcufinder\plugins\mcufinder
2023-11-20 22:15:38,532 [INFO] ApiDb:250 - Set database path to: C:\Users\tarak\.stmcufinder\plugins\mcufinder//mcu/
2023-11-20 22:15:38,532 [WARN] DbFile:41 - Overriding database path with different value: C:\Users\tarak\.stmcufinder\plugins\mcufinder/ => C:\Users\tarak\.stmcufinder\plugins\mcufinder
2023-11-20 22:15:38,532 [INFO] DbMcusAds:125 - Set database path to: C:\Users\tarak\.stmcufinder\plugins\mcufinder//mcu/
2023-11-20 22:15:38,532 [WARN] DbFile:41 - Overriding database path with different value: C:\Users\tarak\.stmcufinder\plugins\mcufinder/ => C:\Users\tarak\.stmcufinder\plugins\mcufinder
2023-11-20 22:15:38,532 [WARN] DbFile:41 - Overriding database path with different value: C:\Users\tarak\.stmcufinder\plugins\mcufinder/ => C:\Users\tarak\.stmcufinder\plugins\mcufinder
2023-11-20 22:15:38,533 [INFO] CrossReferenceDbSqlite:203 - Set database path to: C:\Users\tarak\.stmcufinder\plugins\mcufinder//mcu/cs/
2023-11-20 22:15:38,562 [INFO] ApplicationProperties:184 - Using Application install path: C:\ST\STM32CubeIDE_1.13.2\STM32CubeIDE\plugins\com.st.stm32cube.common.mx_6.9.2.202309101412
2023-11-20 22:15:38,563 [INFO] PluginManage:196 - Search for loadable plugins [exclusion list=, ]
2023-11-20 22:15:38,565 [INFO] PluginManage:310 - Check plugin analytics
2023-11-20 22:15:38,745 [INFO] AnalyticsPlugin:253 - Accepted Software Licenses: STM32CubeMX.6.9.2
2023-11-20 22:15:38,746 [INFO] AnalyticsPlugin:255 - Accepted CMSIS Pack Licenses: 
2023-11-20 22:15:38,746 [INFO] AnalyticsPlugin:257 - Accepted Firmware Licenses: 
2023-11-20 22:15:38,749 [INFO] PluginManage:359 - Loaded plugin analytics (category:tool,tabindex:-1)
2023-11-20 22:15:38,750 [INFO] PluginManage:310 - Check plugin cadmodel
2023-11-20 22:15:38,766 [INFO] CADModel:105 - Init CAD model plugin
2023-11-20 22:15:38,766 [INFO] PluginManage:359 - Loaded plugin cadmodel (category:power,tabindex:5)
2023-11-20 22:15:38,766 [INFO] PluginManage:310 - Check plugin clock
2023-11-20 22:15:38,789 [INFO] PluginManage:359 - Loaded plugin clock (category:base,tabindex:2)
2023-11-20 22:15:38,789 [INFO] PluginManage:310 - Check plugin ddr
2023-11-20 22:15:38,793 [INFO] PluginManage:359 - Loaded plugin ddr (category:tool,tabindex:6)
2023-11-20 22:15:38,793 [INFO] PluginManage:310 - Check plugin filemanager
2023-11-20 22:15:38,956 [INFO] PluginManage:359 - Loaded plugin filemanager (category:base,tabindex:10)
2023-11-20 22:15:38,956 [INFO] PluginManage:310 - Check plugin ipmanager
2023-11-20 22:15:38,964 [INFO] PluginManage:359 - Loaded plugin ipmanager (category:base,tabindex:5)
2023-11-20 22:15:38,965 [INFO] PluginManage:310 - Check plugin lpbam
2023-11-20 22:15:38,984 [INFO] PluginManage:359 - Loaded plugin lpbam (category:base,tabindex:0)
2023-11-20 22:15:38,984 [INFO] PluginManage:310 - Check plugin memorymap
2023-11-20 22:15:39,012 [INFO] PluginManage:359 - Loaded plugin memorymap (category:base,tabindex:4)
2023-11-20 22:15:39,012 [INFO] PluginManage:310 - Check plugin pinoutandconfiguration
2023-11-20 22:15:39,037 [INFO] PluginManage:359 - Loaded plugin pinoutandconfiguration (category:base,tabindex:1)
2023-11-20 22:15:39,037 [INFO] PluginManage:310 - Check plugin pinoutconfig
2023-11-20 22:15:39,153 [WARN] SupportedApi:132 - Cannot load RTOS API schema: s4s-elt-must-match.1: The content of 'definitions' must match (annotation?, (simpleType | complexType)?, (unique | key | keyref)*)). A problem was found starting at: attribute.
2023-11-20 22:15:39,301 [INFO] PluginManage:359 - Loaded plugin pinoutconfig (category:base,tabindex:0)
2023-11-20 22:15:39,301 [INFO] PluginManage:310 - Check plugin power
2023-11-20 22:15:39,323 [INFO] PluginManage:359 - Loaded plugin power (category:power,tabindex:4)
2023-11-20 22:15:39,323 [INFO] PluginManage:310 - Check plugin projectmanager
2023-11-20 22:15:39,339 [INFO] PluginManage:359 - Loaded plugin projectmanager (category:projectmanager,tabindex:3)
2023-11-20 22:15:39,339 [INFO] PluginManage:310 - Check plugin thirdparty
2023-11-20 22:15:39,631 [INFO] PluginManage:359 - Loaded plugin thirdparty (category:base,tabindex:-1)
2023-11-20 22:15:39,631 [INFO] PluginManage:310 - Check plugin tools
2023-11-20 22:15:39,631 [WARN] IntegrityCheckThread:84 - waiting for thirdparty lock release [integrity check]
2023-11-20 22:15:39,632 [INFO] IntegrityCheckThread:86 - entering critical section [integrity check]
2023-11-20 22:15:39,632 [INFO] ThirdPartyUpdaterWithRetryManager:70 - Updater plugin not ready yet. [1/15]
2023-11-20 22:15:39,659 [INFO] PluginManage:359 - Loaded plugin tools (category:base,tabindex:7)
2023-11-20 22:15:39,659 [INFO] PluginManage:310 - Check plugin tutovideos
2023-11-20 22:15:39,901 [INFO] PluginManage:359 - Loaded plugin tutovideos (category:base,tabindex:-1)
2023-11-20 22:15:39,902 [INFO] PluginManage:310 - Check plugin updater
2023-11-20 22:15:39,918 [INFO] PluginManage:359 - Loaded plugin updater (category:base,tabindex:12)
2023-11-20 22:15:39,918 [INFO] PluginManage:310 - Check plugin userauth
2023-11-20 22:15:39,924 [INFO] UserAuth:113 - Init User Auth plugin
2023-11-20 22:15:39,924 [INFO] PluginManage:359 - Loaded plugin userauth (category:base,tabindex:14)
2023-11-20 22:15:39,924 [INFO] PluginManage:283 - PluginManage : Loaded plugins [17]
2023-11-20 22:15:40,204 [INFO] PinOutPanel:1499 - setPackage(No Configuration,No Configuration)
2023-11-20 22:15:40,329 [INFO] CADModel:165 - CPN selected for project level
2023-11-20 22:15:40,329 [INFO] CADModel:114 - Register for checkConnection events
2023-11-20 22:15:40,359 [INFO] IPUIPlugin:80 - create IPUIPlugin
2023-11-20 22:15:40,359 [INFO] PluginManager:220 - loadIPPluginJar : add adc
2023-11-20 22:15:40,389 [INFO] IPUIPlugin:80 - create IPUIPlugin
2023-11-20 22:15:40,389 [INFO] PluginManager:220 - loadIPPluginJar : add aes
2023-11-20 22:15:40,420 [INFO] IPUIPlugin:80 - create IPUIPlugin
2023-11-20 22:15:40,420 [INFO] PluginManager:220 - loadIPPluginJar : add can
2023-11-20 22:15:40,438 [INFO] IPUIPlugin:80 - create IPUIPlugin
2023-11-20 22:15:40,438 [INFO] PluginManager:220 - loadIPPluginJar : add comp
2023-11-20 22:15:40,461 [INFO] IPUIPlugin:80 - create IPUIPlugin
2023-11-20 22:15:40,461 [INFO] PluginManager:220 - loadIPPluginJar : add cryp
2023-11-20 22:15:40,486 [INFO] IPUIPlugin:80 - create IPUIPlugin
2023-11-20 22:15:40,486 [INFO] PluginManager:220 - loadIPPluginJar : add dfsdm
2023-11-20 22:15:40,498 [INFO] IPUIPlugin:80 - create IPUIPlugin
2023-11-20 22:15:40,498 [INFO] PluginManager:220 - loadIPPluginJar : add dma
2023-11-20 22:15:40,530 [INFO] IPUIPlugin:80 - create IPUIPlugin
2023-11-20 22:15:40,530 [INFO] PluginManager:220 - loadIPPluginJar : add dma3
2023-11-20 22:15:40,547 [INFO] IPUIPlugin:80 - create IPUIPlugin
2023-11-20 22:15:40,547 [INFO] PluginManager:220 - loadIPPluginJar : add fatfs
2023-11-20 22:15:40,582 [INFO] IPUIPlugin:80 - create IPUIPlugin
2023-11-20 22:15:40,582 [INFO] PluginManager:220 - loadIPPluginJar : add fmc
2023-11-20 22:15:40,595 [INFO] IPUIPlugin:80 - create IPUIPlugin
2023-11-20 22:15:40,596 [INFO] PluginManager:220 - loadIPPluginJar : add freertos
2023-11-20 22:15:40,611 [INFO] IPUIPlugin:80 - create IPUIPlugin
2023-11-20 22:15:40,611 [INFO] PluginManager:220 - loadIPPluginJar : add genericplugin
2023-11-20 22:15:40,677 [INFO] IPUIPlugin:80 - create IPUIPlugin
2023-11-20 22:15:40,677 [INFO] PluginManager:220 - loadIPPluginJar : add gfxmmu
2023-11-20 22:15:40,769 [INFO] IPUIPlugin:80 - create IPUIPlugin
2023-11-20 22:15:40,769 [INFO] PluginManager:220 - loadIPPluginJar : add gic
2023-11-20 22:15:40,781 [INFO] IPUIPlugin:80 - create IPUIPlugin
2023-11-20 22:15:40,781 [INFO] PluginManager:220 - loadIPPluginJar : add gpio
2023-11-20 22:15:40,846 [INFO] IPUIPlugin:80 - create IPUIPlugin
2023-11-20 22:15:40,846 [INFO] PluginManager:220 - loadIPPluginJar : add gtzc
2023-11-20 22:15:40,869 [INFO] IPUIPlugin:80 - create IPUIPlugin
2023-11-20 22:15:40,870 [INFO] PluginManager:220 - loadIPPluginJar : add hash
2023-11-20 22:15:40,904 [INFO] IPUIPlugin:80 - create IPUIPlugin
2023-11-20 22:15:40,904 [INFO] PluginManager:220 - loadIPPluginJar : add i2c
2023-11-20 22:15:40,931 [INFO] IPUIPlugin:80 - create IPUIPlugin
2023-11-20 22:15:40,931 [INFO] PluginManager:220 - loadIPPluginJar : add i2s
2023-11-20 22:15:40,961 [INFO] IPUIPlugin:80 - create IPUIPlugin
2023-11-20 22:15:40,961 [INFO] PluginManager:220 - loadIPPluginJar : add i3c
2023-11-20 22:15:41,054 [INFO] IPUIPlugin:80 - create IPUIPlugin
2023-11-20 22:15:41,054 [INFO] PluginManager:220 - loadIPPluginJar : add ipddr
2023-11-20 22:15:41,122 [INFO] IPUIPlugin:80 - create IPUIPlugin
2023-11-20 22:15:41,122 [INFO] PluginManager:220 - loadIPPluginJar : add linkedlist
2023-11-20 22:15:41,148 [INFO] IPUIPlugin:80 - create IPUIPlugin
2023-11-20 22:15:41,148 [INFO] PluginManager:220 - loadIPPluginJar : add lorawan
2023-11-20 22:15:41,182 [INFO] IPUIPlugin:80 - create IPUIPlugin
2023-11-20 22:15:41,182 [INFO] PluginManager:220 - loadIPPluginJar : add ltdc
2023-11-20 22:15:41,195 [INFO] IPUIPlugin:80 - create IPUIPlugin
2023-11-20 22:15:41,195 [INFO] PluginManager:220 - loadIPPluginJar : add mdma
2023-11-20 22:15:41,209 [INFO] IPUIPlugin:80 - create IPUIPlugin
2023-11-20 22:15:41,209 [INFO] PluginManager:220 - loadIPPluginJar : add nvic
2023-11-20 22:15:41,241 [INFO] IPUIPlugin:80 - create IPUIPlugin
2023-11-20 22:15:41,241 [INFO] PluginManager:220 - loadIPPluginJar : add opamp
2023-11-20 22:15:41,289 [INFO] IPUIPlugin:80 - create IPUIPlugin
2023-11-20 22:15:41,290 [INFO] PluginManager:220 - loadIPPluginJar : add openamp
2023-11-20 22:15:41,324 [INFO] IPUIPlugin:80 - create IPUIPlugin
2023-11-20 22:15:41,325 [INFO] PluginManager:220 - loadIPPluginJar : add pdm2pcm
2023-11-20 22:15:41,338 [INFO] IPUIPlugin:80 - create IPUIPlugin
2023-11-20 22:15:41,339 [INFO] PluginManager:220 - loadIPPluginJar : add plateformsettings
2023-11-20 22:15:41,355 [INFO] IPUIPlugin:80 - create IPUIPlugin
2023-11-20 22:15:41,355 [INFO] PluginManager:220 - loadIPPluginJar : add quadspi
2023-11-20 22:15:41,366 [INFO] IPUIPlugin:80 - create IPUIPlugin
2023-11-20 22:15:41,367 [INFO] PluginManager:220 - loadIPPluginJar : add resmgrutility
2023-11-20 22:15:41,405 [INFO] IPUIPlugin:80 - create IPUIPlugin
2023-11-20 22:15:41,405 [INFO] PluginManager:220 - loadIPPluginJar : add sai
2023-11-20 22:15:41,435 [INFO] IPUIPlugin:80 - create IPUIPlugin
2023-11-20 22:15:41,436 [INFO] PluginManager:220 - loadIPPluginJar : add spi
2023-11-20 22:15:41,475 [INFO] IPUIPlugin:80 - create IPUIPlugin
2023-11-20 22:15:41,475 [INFO] PluginManager:220 - loadIPPluginJar : add stm32_wpan
2023-11-20 22:15:41,492 [INFO] IPUIPlugin:80 - create IPUIPlugin
2023-11-20 22:15:41,492 [INFO] PluginManager:220 - loadIPPluginJar : add tim
2023-11-20 22:15:41,532 [INFO] IPUIPlugin:80 - create IPUIPlugin
2023-11-20 22:15:41,532 [INFO] PluginManager:220 - loadIPPluginJar : add touchsensing
2023-11-20 22:15:41,549 [INFO] IPUIPlugin:80 - create IPUIPlugin
2023-11-20 22:15:41,549 [INFO] PluginManager:220 - loadIPPluginJar : add tracer_emb
2023-11-20 22:15:41,567 [INFO] IPUIPlugin:80 - create IPUIPlugin
2023-11-20 22:15:41,567 [INFO] PluginManager:220 - loadIPPluginJar : add ts
2023-11-20 22:15:41,582 [INFO] IPUIPlugin:80 - create IPUIPlugin
2023-11-20 22:15:41,582 [INFO] PluginManager:220 - loadIPPluginJar : add tsc
2023-11-20 22:15:41,598 [INFO] IPUIPlugin:80 - create IPUIPlugin
2023-11-20 22:15:41,598 [INFO] PluginManager:220 - loadIPPluginJar : add ucpd
2023-11-20 22:15:41,630 [INFO] IPUIPlugin:80 - create IPUIPlugin
2023-11-20 22:15:41,630 [INFO] PluginManager:220 - loadIPPluginJar : add usart
2023-11-20 22:15:41,660 [INFO] IPUIPlugin:80 - create IPUIPlugin
2023-11-20 22:15:41,660 [INFO] PluginManager:220 - loadIPPluginJar : add usbx
2023-11-20 22:15:41,778 [INFO] CADModel:165 - CPN selected for project level
2023-11-20 22:15:41,778 [INFO] CADModel:114 - Register for checkConnection events
2023-11-20 22:15:41,778 [FATAL] Updater:308 - Updater called before beeing initialized
2023-11-20 22:15:41,778 [ERROR] CADModel:125 - Updater not yet initialized, retry later 
2023-11-20 22:15:41,932 [INFO] CADModel:165 - CPN selected for project level
2023-11-20 22:15:41,932 [INFO] CADModel:114 - Register for checkConnection events
2023-11-20 22:15:41,932 [FATAL] Updater:308 - Updater called before beeing initialized
2023-11-20 22:15:41,932 [ERROR] CADModel:125 - Updater not yet initialized, retry later 
2023-11-20 22:15:41,939 [FATAL] Updater:308 - Updater called before beeing initialized
2023-11-20 22:15:42,031 [FATAL] Updater:308 - Updater called before beeing initialized
2023-11-20 22:15:42,041 [INFO] DbMcusAds:53 - JSON generation date=Tue Mar 07 00:50:55 PST 2023 (1678179055335)
2023-11-20 22:15:42,041 [FATAL] Updater:308 - Updater called before beeing initialized
2023-11-20 22:15:42,125 [WARN] DetailPanel:346 - Failed to get advertising image, set to default
2023-11-20 22:15:42,206 [FATAL] Updater:308 - Updater called before beeing initialized
2023-11-20 22:15:42,208 [FATAL] Updater:308 - Updater called before beeing initialized
2023-11-20 22:15:42,208 [FATAL] Updater:308 - Updater called before beeing initialized
2023-11-20 22:15:42,208 [WARN] DetailPanel:346 - Failed to get advertising image, set to default
2023-11-20 22:15:42,209 [FATAL] Updater:308 - Updater called before beeing initialized
2023-11-20 22:15:42,266 [ERROR] Updater:1120 - MainUpdater not yet initialized. External WinMGr cannot be set.
2023-11-20 22:15:42,274 [INFO] Updater:1056 - Updater Version found : 6.9.2
2023-11-20 22:15:42,291 [INFO] ApplicationProperties:184 - Using Application install path: C:\ST\STM32CubeIDE_1.13.2\STM32CubeIDE\plugins\com.st.stm32cube.common.mx_6.9.2.202309101412
2023-11-20 22:15:42,413 [INFO] MainUpdater:2868 - connection check result : 10
2023-11-20 22:15:42,413 [INFO] MainUpdater:285 - Updater Check For Update Now.
2023-11-20 22:15:42,414 [INFO] MicroXplorer:498 - Change Database Version : DB.6.0.92
2023-11-20 22:15:42,427 [INFO] McuFinderGlobals:63 - Set McuFinder mode to 2 (CubeIDE integrated)
2023-11-20 22:15:42,605 [INFO] CheckServerUpdateThread:120 - End of CheckServer Thread
2023-11-20 22:15:42,884 [WARN] PackLoader:240 - Cannot read IP mode file for STMicroelectronics.X-CUBE-SMBUS.2.1.0
2023-11-20 22:15:42,951 [WARN] PackLoader:240 - Cannot read IP mode file for STMicroelectronics.X-CUBE-AZRTOS-F7.1.1.0
2023-11-20 22:15:42,975 [WARN] PackLoader:240 - Cannot read IP mode file for STMicroelectronics.FP-SNS-MOTENV1.4.3.2
2023-11-20 22:15:42,990 [WARN] PackLoader:240 - Cannot read IP mode file for STMicroelectronics.FP-SNS-FLIGHT1.5.0.2
2023-11-20 22:15:43,007 [WARN] PackLoader:240 - Cannot read IP mode file for STMicroelectronics.X-CUBE-DISPLAY.3.0.0
2023-11-20 22:15:43,025 [WARN] PackLoader:240 - Cannot read IP mode file for STMicroelectronics.X-CUBE-BLE1.7.0.0
2023-11-20 22:15:43,038 [WARN] PackLoader:240 - Cannot read IP mode file for emotas.I-CUBE-CANOPEN.1.3.0
2023-11-20 22:15:43,052 [WARN] PackLoader:240 - Cannot read IP mode file for STMicroelectronics.X-CUBE-TOUCHGFX.4.22.1
2023-11-20 22:15:43,064 [WARN] PackLoader:240 - Cannot read IP mode file for STMicroelectronics.FP-SNS-SMARTAG2.1.2.0
2023-11-20 22:15:43,083 [INFO] LogOutputStream:77 - [STDOUT_REDIRECT] 1 : Invalid condition id : UX_CORESTACK_Condition cause : null
2023-11-20 22:15:43,083 [INFO] LogOutputStream:77 - [STDOUT_REDIRECT] 1 : Invalid condition id : UX_CORESTACK_Condition cause : null
2023-11-20 22:15:43,084 [INFO] LogOutputStream:77 - [STDOUT_REDIRECT] 1 : Invalid condition id : UX_CORESTACK_Condition cause : null
2023-11-20 22:15:43,085 [INFO] LogOutputStream:77 - [STDOUT_REDIRECT] 1 : Invalid condition id : UX_CORESTACK_Condition cause : null
2023-11-20 22:15:43,085 [INFO] LogOutputStream:77 - [STDOUT_REDIRECT] 1 : Invalid condition id : UX_CORESTACK_Condition cause : null
2023-11-20 22:15:43,090 [WARN] PackLoader:240 - Cannot read IP mode file for STMicroelectronics.X-CUBE-AZRTOS-WL.2.0.0
2023-11-20 22:15:43,106 [WARN] PackLoader:240 - Cannot read IP mode file for WES.I-CUBE-Cesium.1.3.0
2023-11-20 22:15:43,120 [WARN] PackLoader:240 - Cannot read IP mode file for STMicroelectronics.X-CUBE-BLE2.3.3.0
2023-11-20 22:15:43,134 [WARN] PackLoader:240 - Cannot read IP mode file for STMicroelectronics.X-CUBE-ALGOBUILD.1.3.0
2023-11-20 22:15:43,164 [WARN] PackLoader:240 - Cannot read IP mode file for STMicroelectronics.X-CUBE-AZRTOS-G0.1.1.0
2023-11-20 22:15:43,180 [WARN] PackLoader:240 - Cannot read IP mode file for STMicroelectronics.X-CUBE-NFC4.3.0.0
2023-11-20 22:15:43,200 [WARN] PackLoader:240 - Cannot read IP mode file for STMicroelectronics.X-CUBE-BLEMGR.3.0.0
2023-11-20 22:15:43,214 [WARN] PackLoader:240 - Cannot read IP mode file for STMicroelectronics.FP-ATR-SIGFOX1.3.2.0
2023-11-20 22:15:43,245 [WARN] PackLoader:240 - Cannot read IP mode file for SEGGER.I-CUBE-embOS.1.3.1
2023-11-20 22:15:43,282 [WARN] PackLoader:240 - Cannot read IP mode file for STMicroelectronics.X-CUBE-GNSS1.6.0.0
2023-11-20 22:15:43,304 [WARN] PackLoader:240 - Cannot read IP mode file for STMicroelectronics.X-CUBE-AZRTOS-F4.1.1.0
2023-11-20 22:15:43,323 [WARN] PackLoader:240 - Cannot read IP mode file for wolfSSL.I-CUBE-wolfSSL.5.6.3
2023-11-20 22:15:43,350 [WARN] PackLoader:240 - Cannot read IP mode file for STMicroelectronics.X-CUBE-AZRTOS-L5.2.0.0
2023-11-20 22:15:43,417 [WARN] PackLoader:240 - Cannot read IP mode file for STMicroelectronics.X-CUBE-MEMS1.9.6.0
2023-11-20 22:15:43,548 [WARN] PackLoader:240 - Cannot read IP mode file for STMicroelectronics.X-CUBE-EEPRMA1.4.2.0
2023-11-20 22:15:43,564 [WARN] PackLoader:240 - Cannot read IP mode file for ITTIA_DB.I-CUBE-ITTIADB.8.8.0
2023-11-20 22:15:43,577 [WARN] PackLoader:240 - Cannot read IP mode file for STMicroelectronics.X-CUBE-BLEMGR.2.0.0
2023-11-20 22:15:43,610 [WARN] ConditionMgr:438 - getConditionDescription Invalid condition id : UX DEVICE CLASS RTOS Condition cause : null
2023-11-20 22:15:43,610 [WARN] ConditionMgr:438 - getConditionDescription Invalid condition id : UX DEVICE CLASS RTOS Condition cause : null
2023-11-20 22:15:43,613 [WARN] PackLoader:240 - Cannot read IP mode file for STMicroelectronics.X-CUBE-AZRTOS-H7.3.1.0
2023-11-20 22:15:43,614 [WARN] ConditionMgr:1039 - genDependencies : Invalid condition id : UX DEVICE CLASS RTOS Condition cause : null
2023-11-20 22:15:43,614 [WARN] ConditionMgr:1039 - genDependencies : Invalid condition id : UX DEVICE CLASS RTOS Condition cause : null
2023-11-20 22:15:43,615 [WARN] ConditionMgr:1039 - genDependencies : Invalid condition id : UX DEVICE CLASS RTOS Condition cause : null
2023-11-20 22:15:43,615 [WARN] ConditionMgr:1039 - genDependencies : Invalid condition id : UX DEVICE CLASS RTOS Condition cause : null
2023-11-20 22:15:43,615 [WARN] ConditionMgr:1039 - genDependencies : Invalid condition id : UX DEVICE CLASS RTOS Condition cause : null
2023-11-20 22:15:43,628 [WARN] PackLoader:240 - Cannot read IP mode file for STMicroelectronics.X-CUBE-NFC7.1.0.1
2023-11-20 22:15:43,640 [WARN] PackLoader:240 - Cannot read IP mode file for STMicroelectronics.X-CUBE-NFC6.3.0.0
2023-11-20 22:15:43,652 [WARN] PackLoader:240 - Cannot read IP mode file for STMicroelectronics.X-CUBE-EEPRMA1.4.1.0
2023-11-20 22:15:43,663 [WARN] PackLoader:240 - Cannot read IP mode file for STMicroelectronics.X-CUBE-AI.8.1.0
2023-11-20 22:15:43,691 [WARN] ConditionMgr:438 - getConditionDescription Invalid condition id : LAN8742 Phy interface Condition cause : null
2023-11-20 22:15:43,692 [WARN] PackLoader:240 - Cannot read IP mode file for STMicroelectronics.X-CUBE-AZRTOS-L4.2.0.0
2023-11-20 22:15:43,693 [WARN] ConditionMgr:1039 - genDependencies : Invalid condition id : LAN8742 Phy interface Condition cause : null
2023-11-20 22:15:43,693 [WARN] ConditionMgr:1039 - genDependencies : Invalid condition id : LAN8742 Phy interface Condition cause : null
2023-11-20 22:15:43,693 [WARN] ConditionMgr:1039 - genDependencies : Invalid condition id : LAN8742 Phy interface Condition cause : null
2023-11-20 22:15:43,705 [WARN] PackLoader:240 - Cannot read IP mode file for STMicroelectronics.X-CUBE-SFXS2LP1.4.0.0
2023-11-20 22:15:43,716 [WARN] PackLoader:240 - Cannot read IP mode file for STMicroelectronics.X-CUBE-ISPU.1.1.0
2023-11-20 22:15:43,734 [WARN] ConditionMgr:438 - getConditionDescription Invalid condition id : UX DEVICE CLASS RTOS Condition cause : null
2023-11-20 22:15:43,734 [WARN] ConditionMgr:438 - getConditionDescription Invalid condition id : UX DEVICE CLASS RTOS Condition cause : null
2023-11-20 22:15:43,735 [WARN] PackLoader:240 - Cannot read IP mode file for STMicroelectronics.X-CUBE-AZRTOS-WB.2.0.0
2023-11-20 22:15:43,735 [WARN] ConditionMgr:1039 - genDependencies : Invalid condition id : UX DEVICE CLASS RTOS Condition cause : null
2023-11-20 22:15:43,736 [WARN] ConditionMgr:1039 - genDependencies : Invalid condition id : UX DEVICE CLASS RTOS Condition cause : null
2023-11-20 22:15:43,736 [WARN] ConditionMgr:1039 - genDependencies : Invalid condition id : UX DEVICE CLASS RTOS Condition cause : null
2023-11-20 22:15:43,736 [WARN] ConditionMgr:1039 - genDependencies : Invalid condition id : UX DEVICE CLASS RTOS Condition cause : null
2023-11-20 22:15:43,736 [WARN] ConditionMgr:1039 - genDependencies : Invalid condition id : UX DEVICE CLASS RTOS Condition cause : null
2023-11-20 22:15:43,751 [WARN] PackLoader:240 - Cannot read IP mode file for STMicroelectronics.X-CUBE-SUBG2.5.0.0
2023-11-20 22:15:43,767 [WARN] PackLoader:240 - Cannot read IP mode file for STMicroelectronics.X-CUBE-TOF1.3.3.1
2023-11-20 22:15:43,790 [WARN] PackLoader:240 - Cannot read IP mode file for STMicroelectronics.X-CUBE-AZRTOS-G4.2.0.0
2023-11-20 22:15:43,810 [WARN] PackLoader:240 - Cannot read IP mode file for Infineon.AIROC-Wi-Fi-Bluetooth-STM32.1.5.1
2023-11-20 22:15:43,823 [WARN] PackLoader:240 - Cannot read IP mode file for STMicroelectronics.FP-SNS-MOTENVWB1.1.3.0
2023-11-20 22:15:43,861 [WARN] PackLoader:240 - Cannot read IP mode file for STMicroelectronics.X-CUBE-MEMS1.10.0.0
2023-11-20 22:15:43,951 [WARN] PackLoader:240 - Cannot read IP mode file for STMicroelectronics.X-CUBE-FREERTOS.1.1.0
2023-11-20 22:15:43,967 [WARN] PackLoader:240 - Cannot read IP mode file for portGmbH.I-Cube-SoM-uGOAL.1.1.0
2023-11-20 22:15:43,979 [WARN] PackLoader:240 - Cannot read IP mode file for STMicroelectronics.X-CUBE-ALS.1.0.1
2023-11-20 22:15:43,993 [WARN] PackLoader:240 - Cannot read IP mode file for STMicroelectronics.FP-ATR-ASTRA1.2.0.0
2023-11-20 22:15:44,020 [WARN] PackLoader:240 - Cannot read IP mode file for STMicroelectronics.X-CUBE-TOF1.3.4.0
2023-11-20 22:15:44,027 [INFO] ThirdParty:978 - Integrity check success = true
2023-11-20 22:15:44,027 [INFO] IntegrityCheckThread:100 - exiting critical section [integrity check]
2023-11-20 22:15:44,027 [INFO] IntegrityCheckThread:103 - End integrity checks thread
2023-11-20 22:16:03,355 [ERROR] LogOutputStream:75 - [STDERR_REDIRECT] SLF4J: Failed to load class "org.slf4j.impl.StaticLoggerBinder".
2023-11-20 22:16:03,355 [ERROR] LogOutputStream:75 - [STDERR_REDIRECT] SLF4J: Defaulting to no-operation (NOP) logger implementation
2023-11-20 22:16:03,356 [ERROR] LogOutputStream:75 - [STDERR_REDIRECT] SLF4J: See http://www.slf4j.org/codes.html#StaticLoggerBinder for further details.
